::1 - - [13/Aug/2020:18:15:29 +0000] "POST /api/users/auth HTTP/1.1" 200 260 "http://localhost:3000/" "Mozilla/5.0 (iPhone; CPU iPhone OS 13_2_3 like Mac OS X) AppleWebKit/605.1.15 (KHTML, like Gecko) Version/13.0.3 Mobile/15E148 Safari/604.1"
::1 - - [13/Aug/2020:18:15:47 +0000] "POST /api/users/auth HTTP/1.1" 200 260 "http://localhost:3000/" "Mozilla/5.0 (iPhone; CPU iPhone OS 13_2_3 like Mac OS X) AppleWebKit/605.1.15 (KHTML, like Gecko) Version/13.0.3 Mobile/15E148 Safari/604.1"
::1 - - [13/Aug/2020:18:15:52 +0000] "GET /api/games HTTP/1.1" 200 2 "http://localhost:3000/" "Mozilla/5.0 (iPhone; CPU iPhone OS 13_2_3 like Mac OS X) AppleWebKit/605.1.15 (KHTML, like Gecko) Version/13.0.3 Mobile/15E148 Safari/604.1"
::1 - - [13/Aug/2020:18:15:55 +0000] "GET /api/games HTTP/1.1" 304 - "http://localhost:3000/" "Mozilla/5.0 (iPhone; CPU iPhone OS 13_2_3 like Mac OS X) AppleWebKit/605.1.15 (KHTML, like Gecko) Version/13.0.3 Mobile/15E148 Safari/604.1"
::1 - - [13/Aug/2020:18:15:57 +0000] "GET /api/games HTTP/1.1" 304 - "http://localhost:3000/" "Mozilla/5.0 (iPhone; CPU iPhone OS 13_2_3 like Mac OS X) AppleWebKit/605.1.15 (KHTML, like Gecko) Version/13.0.3 Mobile/15E148 Safari/604.1"
::1 - - [13/Aug/2020:18:15:59 +0000] "POST /api/games HTTP/1.1" 201 - "http://localhost:3000/" "Mozilla/5.0 (iPhone; CPU iPhone OS 13_2_3 like Mac OS X) AppleWebKit/605.1.15 (KHTML, like Gecko) Version/13.0.3 Mobile/15E148 Safari/604.1"
::1 - - [13/Aug/2020:18:16:00 +0000] "GET /api/games HTTP/1.1" 200 231 "http://localhost:3000/" "Mozilla/5.0 (iPhone; CPU iPhone OS 13_2_3 like Mac OS X) AppleWebKit/605.1.15 (KHTML, like Gecko) Version/13.0.3 Mobile/15E148 Safari/604.1"
::1 - - [13/Aug/2020:18:16:02 +0000] "GET /api/games HTTP/1.1" 304 - "http://localhost:3000/" "Mozilla/5.0 (iPhone; CPU iPhone OS 13_2_3 like Mac OS X) AppleWebKit/605.1.15 (KHTML, like Gecko) Version/13.0.3 Mobile/15E148 Safari/604.1"
::1 - - [13/Aug/2020:18:16:02 +0000] "GET /api/games HTTP/1.1" 304 - "http://localhost:3000/" "Mozilla/5.0 (iPhone; CPU iPhone OS 13_2_3 like Mac OS X) AppleWebKit/605.1.15 (KHTML, like Gecko) Version/13.0.3 Mobile/15E148 Safari/604.1"
::1 - - [13/Aug/2020:18:16:04 +0000] "PATCH /api/users/5f3423fc1173571873505b1c/games/5f35835f85e48913ef8d694d HTTP/1.1" 200 238 "http://localhost:3000/" "Mozilla/5.0 (iPhone; CPU iPhone OS 13_2_3 like Mac OS X) AppleWebKit/605.1.15 (KHTML, like Gecko) Version/13.0.3 Mobile/15E148 Safari/604.1"
::1 - - [13/Aug/2020:18:16:05 +0000] "GET /api/games HTTP/1.1" 304 - "http://localhost:3000/" "Mozilla/5.0 (iPhone; CPU iPhone OS 13_2_3 like Mac OS X) AppleWebKit/605.1.15 (KHTML, like Gecko) Version/13.0.3 Mobile/15E148 Safari/604.1"
::1 - - [13/Aug/2020:18:16:06 +0000] "PATCH /api/users/games/5f35835f85e48913ef8d694d/retrieve HTTP/1.1" 200 229 "http://localhost:3000/" "Mozilla/5.0 (iPhone; CPU iPhone OS 13_2_3 like Mac OS X) AppleWebKit/605.1.15 (KHTML, like Gecko) Version/13.0.3 Mobile/15E148 Safari/604.1"
::1 - - [13/Aug/2020:18:16:06 +0000] "GET /api/users/games/5f35835f85e48913ef8d694d/players HTTP/1.1" 200 50 "http://localhost:3000/" "Mozilla/5.0 (iPhone; CPU iPhone OS 13_2_3 like Mac OS X) AppleWebKit/605.1.15 (KHTML, like Gecko) Version/13.0.3 Mobile/15E148 Safari/604.1"
::1 - - [13/Aug/2020:18:16:07 +0000] "GET /api/games HTTP/1.1" 304 - "http://localhost:3000/" "Mozilla/5.0 (iPhone; CPU iPhone OS 13_2_3 like Mac OS X) AppleWebKit/605.1.15 (KHTML, like Gecko) Version/13.0.3 Mobile/15E148 Safari/604.1"
::1 - - [13/Aug/2020:18:16:08 +0000] "PATCH /api/users/5f34240f1173571873505b1d/games/5f35835f85e48913ef8d694d HTTP/1.1" 200 265 "http://localhost:3000/" "Mozilla/5.0 (iPhone; CPU iPhone OS 13_2_3 like Mac OS X) AppleWebKit/605.1.15 (KHTML, like Gecko) Version/13.0.3 Mobile/15E148 Safari/604.1"
::1 - - [13/Aug/2020:18:16:08 +0000] "GET /api/users/games/5f35835f85e48913ef8d694d/players HTTP/1.1" 200 99 "http://localhost:3000/" "Mozilla/5.0 (iPhone; CPU iPhone OS 13_2_3 like Mac OS X) AppleWebKit/605.1.15 (KHTML, like Gecko) Version/13.0.3 Mobile/15E148 Safari/604.1"
::1 - - [13/Aug/2020:18:16:08 +0000] "PATCH /api/users/games/5f35835f85e48913ef8d694d/retrieve HTTP/1.1" 200 256 "http://localhost:3000/" "Mozilla/5.0 (iPhone; CPU iPhone OS 13_2_3 like Mac OS X) AppleWebKit/605.1.15 (KHTML, like Gecko) Version/13.0.3 Mobile/15E148 Safari/604.1"
::1 - - [13/Aug/2020:18:16:09 +0000] "PATCH /api/users/games/5f35835f85e48913ef8d694d/retrieve HTTP/1.1" 200 256 "http://localhost:3000/" "Mozilla/5.0 (iPhone; CPU iPhone OS 13_2_3 like Mac OS X) AppleWebKit/605.1.15 (KHTML, like Gecko) Version/13.0.3 Mobile/15E148 Safari/604.1"
::1 - - [13/Aug/2020:18:16:09 +0000] "GET /api/users/games/5f35835f85e48913ef8d694d/players HTTP/1.1" 304 - "http://localhost:3000/" "Mozilla/5.0 (iPhone; CPU iPhone OS 13_2_3 like Mac OS X) AppleWebKit/605.1.15 (KHTML, like Gecko) Version/13.0.3 Mobile/15E148 Safari/604.1"
::1 - - [13/Aug/2020:18:16:10 +0000] "GET /api/users/games/5f35835f85e48913ef8d694d/players HTTP/1.1" 304 - "http://localhost:3000/" "Mozilla/5.0 (iPhone; CPU iPhone OS 13_2_3 like Mac OS X) AppleWebKit/605.1.15 (KHTML, like Gecko) Version/13.0.3 Mobile/15E148 Safari/604.1"
::1 - - [13/Aug/2020:18:16:10 +0000] "PATCH /api/users/games/5f35835f85e48913ef8d694d/retrieve HTTP/1.1" 200 256 "http://localhost:3000/" "Mozilla/5.0 (iPhone; CPU iPhone OS 13_2_3 like Mac OS X) AppleWebKit/605.1.15 (KHTML, like Gecko) Version/13.0.3 Mobile/15E148 Safari/604.1"
::1 - - [13/Aug/2020:18:16:11 +0000] "PATCH /api/users/games/5f35835f85e48913ef8d694d/retrieve HTTP/1.1" 200 256 "http://localhost:3000/" "Mozilla/5.0 (iPhone; CPU iPhone OS 13_2_3 like Mac OS X) AppleWebKit/605.1.15 (KHTML, like Gecko) Version/13.0.3 Mobile/15E148 Safari/604.1"
::1 - - [13/Aug/2020:18:16:11 +0000] "GET /api/users/games/5f35835f85e48913ef8d694d/players HTTP/1.1" 304 - "http://localhost:3000/" "Mozilla/5.0 (iPhone; CPU iPhone OS 13_2_3 like Mac OS X) AppleWebKit/605.1.15 (KHTML, like Gecko) Version/13.0.3 Mobile/15E148 Safari/604.1"
::1 - - [13/Aug/2020:18:16:11 +0000] "PATCH /api/users/games/5f35835f85e48913ef8d694d/retrieve HTTP/1.1" 200 256 "http://localhost:3000/" "Mozilla/5.0 (iPhone; CPU iPhone OS 13_2_3 like Mac OS X) AppleWebKit/605.1.15 (KHTML, like Gecko) Version/13.0.3 Mobile/15E148 Safari/604.1"
::1 - - [13/Aug/2020:18:16:11 +0000] "GET /api/users/games/5f35835f85e48913ef8d694d/players HTTP/1.1" 304 - "http://localhost:3000/" "Mozilla/5.0 (iPhone; CPU iPhone OS 13_2_3 like Mac OS X) AppleWebKit/605.1.15 (KHTML, like Gecko) Version/13.0.3 Mobile/15E148 Safari/604.1"
::1 - - [13/Aug/2020:18:16:12 +0000] "GET /api/users/games/5f35835f85e48913ef8d694d/players HTTP/1.1" 304 - "http://localhost:3000/" "Mozilla/5.0 (iPhone; CPU iPhone OS 13_2_3 like Mac OS X) AppleWebKit/605.1.15 (KHTML, like Gecko) Version/13.0.3 Mobile/15E148 Safari/604.1"
::1 - - [13/Aug/2020:18:16:12 +0000] "PATCH /api/users/games/5f35835f85e48913ef8d694d/retrieve HTTP/1.1" 200 256 "http://localhost:3000/" "Mozilla/5.0 (iPhone; CPU iPhone OS 13_2_3 like Mac OS X) AppleWebKit/605.1.15 (KHTML, like Gecko) Version/13.0.3 Mobile/15E148 Safari/604.1"
::1 - - [13/Aug/2020:18:16:13 +0000] "GET /api/users/games/5f35835f85e48913ef8d694d/players HTTP/1.1" 304 - "http://localhost:3000/" "Mozilla/5.0 (iPhone; CPU iPhone OS 13_2_3 like Mac OS X) AppleWebKit/605.1.15 (KHTML, like Gecko) Version/13.0.3 Mobile/15E148 Safari/604.1"
::1 - - [13/Aug/2020:18:16:13 +0000] "PATCH /api/users/games/5f35835f85e48913ef8d694d/retrieve HTTP/1.1" 200 256 "http://localhost:3000/" "Mozilla/5.0 (iPhone; CPU iPhone OS 13_2_3 like Mac OS X) AppleWebKit/605.1.15 (KHTML, like Gecko) Version/13.0.3 Mobile/15E148 Safari/604.1"
::1 - - [13/Aug/2020:18:16:13 +0000] "PATCH /api/users/games/5f35835f85e48913ef8d694d/start HTTP/1.1" 200 434 "http://localhost:3000/" "Mozilla/5.0 (iPhone; CPU iPhone OS 13_2_3 like Mac OS X) AppleWebKit/605.1.15 (KHTML, like Gecko) Version/13.0.3 Mobile/15E148 Safari/604.1"
::1 - - [13/Aug/2020:18:16:14 +0000] "PATCH /api/users/games/5f35835f85e48913ef8d694d/retrieve HTTP/1.1" 200 356 "http://localhost:3000/" "Mozilla/5.0 (iPhone; CPU iPhone OS 13_2_3 like Mac OS X) AppleWebKit/605.1.15 (KHTML, like Gecko) Version/13.0.3 Mobile/15E148 Safari/604.1"
::1 - - [13/Aug/2020:18:16:14 +0000] "GET /api/users/games/5f35835f85e48913ef8d694d/players HTTP/1.1" 304 - "http://localhost:3000/" "Mozilla/5.0 (iPhone; CPU iPhone OS 13_2_3 like Mac OS X) AppleWebKit/605.1.15 (KHTML, like Gecko) Version/13.0.3 Mobile/15E148 Safari/604.1"
::1 - - [13/Aug/2020:18:16:14 +0000] "GET /api/users/games/5f35835f85e48913ef8d694d/players HTTP/1.1" 304 - "http://localhost:3000/" "Mozilla/5.0 (iPhone; CPU iPhone OS 13_2_3 like Mac OS X) AppleWebKit/605.1.15 (KHTML, like Gecko) Version/13.0.3 Mobile/15E148 Safari/604.1"
::1 - - [13/Aug/2020:18:16:15 +0000] "PATCH /api/users/games/5f35835f85e48913ef8d694d/retrieve HTTP/1.1" 200 356 "http://localhost:3000/" "Mozilla/5.0 (iPhone; CPU iPhone OS 13_2_3 like Mac OS X) AppleWebKit/605.1.15 (KHTML, like Gecko) Version/13.0.3 Mobile/15E148 Safari/604.1"
::1 - - [13/Aug/2020:18:16:15 +0000] "GET /api/users/games/5f35835f85e48913ef8d694d/players HTTP/1.1" 304 - "http://localhost:3000/" "Mozilla/5.0 (iPhone; CPU iPhone OS 13_2_3 like Mac OS X) AppleWebKit/605.1.15 (KHTML, like Gecko) Version/13.0.3 Mobile/15E148 Safari/604.1"
::1 - - [13/Aug/2020:18:16:15 +0000] "PATCH /api/users/games/5f35835f85e48913ef8d694d/retrieve HTTP/1.1" 200 356 "http://localhost:3000/" "Mozilla/5.0 (iPhone; CPU iPhone OS 13_2_3 like Mac OS X) AppleWebKit/605.1.15 (KHTML, like Gecko) Version/13.0.3 Mobile/15E148 Safari/604.1"
::1 - - [13/Aug/2020:18:16:15 +0000] "GET /api/users/games/5f35835f85e48913ef8d694d/players HTTP/1.1" 304 - "http://localhost:3000/" "Mozilla/5.0 (iPhone; CPU iPhone OS 13_2_3 like Mac OS X) AppleWebKit/605.1.15 (KHTML, like Gecko) Version/13.0.3 Mobile/15E148 Safari/604.1"
::1 - - [13/Aug/2020:18:16:16 +0000] "PATCH /api/users/games/5f35835f85e48913ef8d694d/retrieve HTTP/1.1" 200 356 "http://localhost:3000/" "Mozilla/5.0 (iPhone; CPU iPhone OS 13_2_3 like Mac OS X) AppleWebKit/605.1.15 (KHTML, like Gecko) Version/13.0.3 Mobile/15E148 Safari/604.1"
::1 - - [13/Aug/2020:18:16:17 +0000] "PATCH /api/users/games/5f35835f85e48913ef8d694d/retrieve HTTP/1.1" 200 356 "http://localhost:3000/" "Mozilla/5.0 (iPhone; CPU iPhone OS 13_2_3 like Mac OS X) AppleWebKit/605.1.15 (KHTML, like Gecko) Version/13.0.3 Mobile/15E148 Safari/604.1"
::1 - - [13/Aug/2020:18:16:17 +0000] "PATCH /api/users/games/5f35835f85e48913ef8d694d/retrieve HTTP/1.1" 200 356 "http://localhost:3000/" "Mozilla/5.0 (iPhone; CPU iPhone OS 13_2_3 like Mac OS X) AppleWebKit/605.1.15 (KHTML, like Gecko) Version/13.0.3 Mobile/15E148 Safari/604.1"
::1 - - [13/Aug/2020:18:16:18 +0000] "PATCH /api/users/games/5f35835f85e48913ef8d694d/retrieve HTTP/1.1" 200 356 "http://localhost:3000/" "Mozilla/5.0 (iPhone; CPU iPhone OS 13_2_3 like Mac OS X) AppleWebKit/605.1.15 (KHTML, like Gecko) Version/13.0.3 Mobile/15E148 Safari/604.1"
::1 - - [13/Aug/2020:18:16:18 +0000] "PATCH /api/users/games/5f35835f85e48913ef8d694d/retrieve HTTP/1.1" 200 356 "http://localhost:3000/" "Mozilla/5.0 (iPhone; CPU iPhone OS 13_2_3 like Mac OS X) AppleWebKit/605.1.15 (KHTML, like Gecko) Version/13.0.3 Mobile/15E148 Safari/604.1"
::1 - - [13/Aug/2020:18:16:19 +0000] "PATCH /api/users/games/5f35835f85e48913ef8d694d/retrieve HTTP/1.1" 200 356 "http://localhost:3000/" "Mozilla/5.0 (iPhone; CPU iPhone OS 13_2_3 like Mac OS X) AppleWebKit/605.1.15 (KHTML, like Gecko) Version/13.0.3 Mobile/15E148 Safari/604.1"
::1 - - [13/Aug/2020:18:16:19 +0000] "PATCH /api/users/games/5f35835f85e48913ef8d694d/retrieve HTTP/1.1" 200 356 "http://localhost:3000/" "Mozilla/5.0 (iPhone; CPU iPhone OS 13_2_3 like Mac OS X) AppleWebKit/605.1.15 (KHTML, like Gecko) Version/13.0.3 Mobile/15E148 Safari/604.1"
::1 - - [13/Aug/2020:18:16:19 +0000] "PATCH /api/users/games/5f35835f85e48913ef8d694d/retrieve HTTP/1.1" 200 356 "http://localhost:3000/" "Mozilla/5.0 (iPhone; CPU iPhone OS 13_2_3 like Mac OS X) AppleWebKit/605.1.15 (KHTML, like Gecko) Version/13.0.3 Mobile/15E148 Safari/604.1"
::1 - - [13/Aug/2020:18:16:20 +0000] "PATCH /api/users/games/5f35835f85e48913ef8d694d/retrieve HTTP/1.1" 200 356 "http://localhost:3000/" "Mozilla/5.0 (iPhone; CPU iPhone OS 13_2_3 like Mac OS X) AppleWebKit/605.1.15 (KHTML, like Gecko) Version/13.0.3 Mobile/15E148 Safari/604.1"
::1 - - [13/Aug/2020:18:16:20 +0000] "PATCH /api/users/games/5f35835f85e48913ef8d694d/retrieve HTTP/1.1" 200 356 "http://localhost:3000/" "Mozilla/5.0 (iPhone; CPU iPhone OS 13_2_3 like Mac OS X) AppleWebKit/605.1.15 (KHTML, like Gecko) Version/13.0.3 Mobile/15E148 Safari/604.1"
::1 - - [13/Aug/2020:18:16:21 +0000] "PATCH /api/users/games/5f35835f85e48913ef8d694d/retrieve HTTP/1.1" 200 356 "http://localhost:3000/" "Mozilla/5.0 (iPhone; CPU iPhone OS 13_2_3 like Mac OS X) AppleWebKit/605.1.15 (KHTML, like Gecko) Version/13.0.3 Mobile/15E148 Safari/604.1"
::1 - - [13/Aug/2020:18:16:21 +0000] "PATCH /api/users/games/5f35835f85e48913ef8d694d/retrieve HTTP/1.1" 200 356 "http://localhost:3000/" "Mozilla/5.0 (iPhone; CPU iPhone OS 13_2_3 like Mac OS X) AppleWebKit/605.1.15 (KHTML, like Gecko) Version/13.0.3 Mobile/15E148 Safari/604.1"
::1 - - [13/Aug/2020:18:16:22 +0000] "PATCH /api/users/games/5f35835f85e48913ef8d694d/retrieve HTTP/1.1" 200 356 "http://localhost:3000/" "Mozilla/5.0 (iPhone; CPU iPhone OS 13_2_3 like Mac OS X) AppleWebKit/605.1.15 (KHTML, like Gecko) Version/13.0.3 Mobile/15E148 Safari/604.1"
::1 - - [13/Aug/2020:18:16:22 +0000] "PATCH /api/users/games/5f35835f85e48913ef8d694d/retrieve HTTP/1.1" 200 356 "http://localhost:3000/" "Mozilla/5.0 (iPhone; CPU iPhone OS 13_2_3 like Mac OS X) AppleWebKit/605.1.15 (KHTML, like Gecko) Version/13.0.3 Mobile/15E148 Safari/604.1"
::1 - - [13/Aug/2020:18:16:23 +0000] "PATCH /api/users/games/5f35835f85e48913ef8d694d/playcombination HTTP/1.1" 200 358 "http://localhost:3000/" "Mozilla/5.0 (iPhone; CPU iPhone OS 13_2_3 like Mac OS X) AppleWebKit/605.1.15 (KHTML, like Gecko) Version/13.0.3 Mobile/15E148 Safari/604.1"
::1 - - [13/Aug/2020:18:16:23 +0000] "PATCH /api/users/games/5f35835f85e48913ef8d694d/retrieve HTTP/1.1" 200 358 "http://localhost:3000/" "Mozilla/5.0 (iPhone; CPU iPhone OS 13_2_3 like Mac OS X) AppleWebKit/605.1.15 (KHTML, like Gecko) Version/13.0.3 Mobile/15E148 Safari/604.1"
::1 - - [13/Aug/2020:18:16:23 +0000] "PATCH /api/users/games/5f35835f85e48913ef8d694d/retrieve HTTP/1.1" 200 358 "http://localhost:3000/" "Mozilla/5.0 (iPhone; CPU iPhone OS 13_2_3 like Mac OS X) AppleWebKit/605.1.15 (KHTML, like Gecko) Version/13.0.3 Mobile/15E148 Safari/604.1"
::1 - - [13/Aug/2020:18:16:24 +0000] "PATCH /api/users/games/5f35835f85e48913ef8d694d/retrieve HTTP/1.1" 200 358 "http://localhost:3000/" "Mozilla/5.0 (iPhone; CPU iPhone OS 13_2_3 like Mac OS X) AppleWebKit/605.1.15 (KHTML, like Gecko) Version/13.0.3 Mobile/15E148 Safari/604.1"
::1 - - [13/Aug/2020:18:16:24 +0000] "PATCH /api/users/games/5f35835f85e48913ef8d694d/retrieve HTTP/1.1" 200 358 "http://localhost:3000/" "Mozilla/5.0 (iPhone; CPU iPhone OS 13_2_3 like Mac OS X) AppleWebKit/605.1.15 (KHTML, like Gecko) Version/13.0.3 Mobile/15E148 Safari/604.1"
::1 - - [13/Aug/2020:18:16:25 +0000] "PATCH /api/users/games/5f35835f85e48913ef8d694d/retrieve HTTP/1.1" 200 358 "http://localhost:3000/" "Mozilla/5.0 (iPhone; CPU iPhone OS 13_2_3 like Mac OS X) AppleWebKit/605.1.15 (KHTML, like Gecko) Version/13.0.3 Mobile/15E148 Safari/604.1"
::1 - - [13/Aug/2020:18:16:25 +0000] "PATCH /api/users/games/5f35835f85e48913ef8d694d/retrieve HTTP/1.1" 200 358 "http://localhost:3000/" "Mozilla/5.0 (iPhone; CPU iPhone OS 13_2_3 like Mac OS X) AppleWebKit/605.1.15 (KHTML, like Gecko) Version/13.0.3 Mobile/15E148 Safari/604.1"
::1 - - [13/Aug/2020:18:16:26 +0000] "PATCH /api/users/games/5f35835f85e48913ef8d694d/retrieve HTTP/1.1" 200 358 "http://localhost:3000/" "Mozilla/5.0 (iPhone; CPU iPhone OS 13_2_3 like Mac OS X) AppleWebKit/605.1.15 (KHTML, like Gecko) Version/13.0.3 Mobile/15E148 Safari/604.1"
::1 - - [13/Aug/2020:18:16:26 +0000] "PATCH /api/users/games/5f35835f85e48913ef8d694d/retrieve HTTP/1.1" 200 358 "http://localhost:3000/" "Mozilla/5.0 (iPhone; CPU iPhone OS 13_2_3 like Mac OS X) AppleWebKit/605.1.15 (KHTML, like Gecko) Version/13.0.3 Mobile/15E148 Safari/604.1"
::1 - - [13/Aug/2020:18:16:27 +0000] "PATCH /api/users/games/5f35835f85e48913ef8d694d/retrieve HTTP/1.1" 200 358 "http://localhost:3000/" "Mozilla/5.0 (iPhone; CPU iPhone OS 13_2_3 like Mac OS X) AppleWebKit/605.1.15 (KHTML, like Gecko) Version/13.0.3 Mobile/15E148 Safari/604.1"
::1 - - [13/Aug/2020:18:16:27 +0000] "PATCH /api/users/games/5f35835f85e48913ef8d694d/retrieve HTTP/1.1" 200 358 "http://localhost:3000/" "Mozilla/5.0 (iPhone; CPU iPhone OS 13_2_3 like Mac OS X) AppleWebKit/605.1.15 (KHTML, like Gecko) Version/13.0.3 Mobile/15E148 Safari/604.1"
::1 - - [13/Aug/2020:18:16:28 +0000] "PATCH /api/users/games/5f35835f85e48913ef8d694d/retrieve HTTP/1.1" 200 358 "http://localhost:3000/" "Mozilla/5.0 (iPhone; CPU iPhone OS 13_2_3 like Mac OS X) AppleWebKit/605.1.15 (KHTML, like Gecko) Version/13.0.3 Mobile/15E148 Safari/604.1"
::1 - - [13/Aug/2020:18:16:28 +0000] "PATCH /api/users/games/5f35835f85e48913ef8d694d/retrieve HTTP/1.1" 200 358 "http://localhost:3000/" "Mozilla/5.0 (iPhone; CPU iPhone OS 13_2_3 like Mac OS X) AppleWebKit/605.1.15 (KHTML, like Gecko) Version/13.0.3 Mobile/15E148 Safari/604.1"
::1 - - [13/Aug/2020:18:16:29 +0000] "PATCH /api/users/games/5f35835f85e48913ef8d694d/retrieve HTTP/1.1" 200 358 "http://localhost:3000/" "Mozilla/5.0 (iPhone; CPU iPhone OS 13_2_3 like Mac OS X) AppleWebKit/605.1.15 (KHTML, like Gecko) Version/13.0.3 Mobile/15E148 Safari/604.1"
::1 - - [13/Aug/2020:18:16:30 +0000] "PATCH /api/users/games/5f35835f85e48913ef8d694d/retrieve HTTP/1.1" 200 358 "http://localhost:3000/" "Mozilla/5.0 (iPhone; CPU iPhone OS 13_2_3 like Mac OS X) AppleWebKit/605.1.15 (KHTML, like Gecko) Version/13.0.3 Mobile/15E148 Safari/604.1"
::1 - - [13/Aug/2020:18:16:30 +0000] "PATCH /api/users/games/5f35835f85e48913ef8d694d/retrieve HTTP/1.1" 200 358 "http://localhost:3000/" "Mozilla/5.0 (iPhone; CPU iPhone OS 13_2_3 like Mac OS X) AppleWebKit/605.1.15 (KHTML, like Gecko) Version/13.0.3 Mobile/15E148 Safari/604.1"
::1 - - [13/Aug/2020:18:16:31 +0000] "PATCH /api/users/games/5f35835f85e48913ef8d694d/retrieve HTTP/1.1" 200 358 "http://localhost:3000/" "Mozilla/5.0 (iPhone; CPU iPhone OS 13_2_3 like Mac OS X) AppleWebKit/605.1.15 (KHTML, like Gecko) Version/13.0.3 Mobile/15E148 Safari/604.1"
::1 - - [13/Aug/2020:18:16:31 +0000] "PATCH /api/users/games/5f35835f85e48913ef8d694d/playcombination HTTP/1.1" 200 360 "http://localhost:3000/" "Mozilla/5.0 (iPhone; CPU iPhone OS 13_2_3 like Mac OS X) AppleWebKit/605.1.15 (KHTML, like Gecko) Version/13.0.3 Mobile/15E148 Safari/604.1"
::1 - - [13/Aug/2020:18:16:31 +0000] "PATCH /api/users/games/5f35835f85e48913ef8d694d/retrieve HTTP/1.1" 200 360 "http://localhost:3000/" "Mozilla/5.0 (iPhone; CPU iPhone OS 13_2_3 like Mac OS X) AppleWebKit/605.1.15 (KHTML, like Gecko) Version/13.0.3 Mobile/15E148 Safari/604.1"
::1 - - [13/Aug/2020:18:16:32 +0000] "PATCH /api/users/games/5f35835f85e48913ef8d694d/retrieve HTTP/1.1" 200 360 "http://localhost:3000/" "Mozilla/5.0 (iPhone; CPU iPhone OS 13_2_3 like Mac OS X) AppleWebKit/605.1.15 (KHTML, like Gecko) Version/13.0.3 Mobile/15E148 Safari/604.1"
::1 - - [13/Aug/2020:18:16:32 +0000] "PATCH /api/users/games/5f35835f85e48913ef8d694d/retrieve HTTP/1.1" 200 360 "http://localhost:3000/" "Mozilla/5.0 (iPhone; CPU iPhone OS 13_2_3 like Mac OS X) AppleWebKit/605.1.15 (KHTML, like Gecko) Version/13.0.3 Mobile/15E148 Safari/604.1"
::1 - - [13/Aug/2020:18:16:33 +0000] "PATCH /api/users/games/5f35835f85e48913ef8d694d/retrieve HTTP/1.1" 200 360 "http://localhost:3000/" "Mozilla/5.0 (iPhone; CPU iPhone OS 13_2_3 like Mac OS X) AppleWebKit/605.1.15 (KHTML, like Gecko) Version/13.0.3 Mobile/15E148 Safari/604.1"
::1 - - [13/Aug/2020:18:16:33 +0000] "PATCH /api/users/games/5f35835f85e48913ef8d694d/retrieve HTTP/1.1" 200 360 "http://localhost:3000/" "Mozilla/5.0 (iPhone; CPU iPhone OS 13_2_3 like Mac OS X) AppleWebKit/605.1.15 (KHTML, like Gecko) Version/13.0.3 Mobile/15E148 Safari/604.1"
::1 - - [13/Aug/2020:18:16:34 +0000] "PATCH /api/users/games/5f35835f85e48913ef8d694d/retrieve HTTP/1.1" 200 360 "http://localhost:3000/" "Mozilla/5.0 (iPhone; CPU iPhone OS 13_2_3 like Mac OS X) AppleWebKit/605.1.15 (KHTML, like Gecko) Version/13.0.3 Mobile/15E148 Safari/604.1"
::1 - - [13/Aug/2020:18:16:34 +0000] "PATCH /api/users/games/5f35835f85e48913ef8d694d/retrieve HTTP/1.1" 200 360 "http://localhost:3000/" "Mozilla/5.0 (iPhone; CPU iPhone OS 13_2_3 like Mac OS X) AppleWebKit/605.1.15 (KHTML, like Gecko) Version/13.0.3 Mobile/15E148 Safari/604.1"
::1 - - [13/Aug/2020:18:16:35 +0000] "PATCH /api/users/games/5f35835f85e48913ef8d694d/retrieve HTTP/1.1" 200 360 "http://localhost:3000/" "Mozilla/5.0 (iPhone; CPU iPhone OS 13_2_3 like Mac OS X) AppleWebKit/605.1.15 (KHTML, like Gecko) Version/13.0.3 Mobile/15E148 Safari/604.1"
::1 - - [13/Aug/2020:18:16:35 +0000] "PATCH /api/users/games/5f35835f85e48913ef8d694d/retrieve HTTP/1.1" 200 360 "http://localhost:3000/" "Mozilla/5.0 (iPhone; CPU iPhone OS 13_2_3 like Mac OS X) AppleWebKit/605.1.15 (KHTML, like Gecko) Version/13.0.3 Mobile/15E148 Safari/604.1"
::1 - - [13/Aug/2020:18:16:36 +0000] "PATCH /api/users/games/5f35835f85e48913ef8d694d/retrieve HTTP/1.1" 200 360 "http://localhost:3000/" "Mozilla/5.0 (iPhone; CPU iPhone OS 13_2_3 like Mac OS X) AppleWebKit/605.1.15 (KHTML, like Gecko) Version/13.0.3 Mobile/15E148 Safari/604.1"
::1 - - [13/Aug/2020:18:16:36 +0000] "PATCH /api/users/games/5f35835f85e48913ef8d694d/retrieve HTTP/1.1" 200 360 "http://localhost:3000/" "Mozilla/5.0 (iPhone; CPU iPhone OS 13_2_3 like Mac OS X) AppleWebKit/605.1.15 (KHTML, like Gecko) Version/13.0.3 Mobile/15E148 Safari/604.1"
::1 - - [13/Aug/2020:18:16:37 +0000] "PATCH /api/users/games/5f35835f85e48913ef8d694d/retrieve HTTP/1.1" 200 360 "http://localhost:3000/" "Mozilla/5.0 (iPhone; CPU iPhone OS 13_2_3 like Mac OS X) AppleWebKit/605.1.15 (KHTML, like Gecko) Version/13.0.3 Mobile/15E148 Safari/604.1"
::1 - - [13/Aug/2020:18:16:37 +0000] "PATCH /api/users/games/5f35835f85e48913ef8d694d/retrieve HTTP/1.1" 200 360 "http://localhost:3000/" "Mozilla/5.0 (iPhone; CPU iPhone OS 13_2_3 like Mac OS X) AppleWebKit/605.1.15 (KHTML, like Gecko) Version/13.0.3 Mobile/15E148 Safari/604.1"
::1 - - [13/Aug/2020:18:16:38 +0000] "PATCH /api/users/games/5f35835f85e48913ef8d694d/retrieve HTTP/1.1" 200 360 "http://localhost:3000/" "Mozilla/5.0 (iPhone; CPU iPhone OS 13_2_3 like Mac OS X) AppleWebKit/605.1.15 (KHTML, like Gecko) Version/13.0.3 Mobile/15E148 Safari/604.1"
::1 - - [13/Aug/2020:18:16:38 +0000] "PATCH /api/users/games/5f35835f85e48913ef8d694d/retrieve HTTP/1.1" 200 360 "http://localhost:3000/" "Mozilla/5.0 (iPhone; CPU iPhone OS 13_2_3 like Mac OS X) AppleWebKit/605.1.15 (KHTML, like Gecko) Version/13.0.3 Mobile/15E148 Safari/604.1"
::1 - - [13/Aug/2020:18:16:38 +0000] "PATCH /api/users/games/5f35835f85e48913ef8d694d/retrieve HTTP/1.1" 200 360 "http://localhost:3000/" "Mozilla/5.0 (iPhone; CPU iPhone OS 13_2_3 like Mac OS X) AppleWebKit/605.1.15 (KHTML, like Gecko) Version/13.0.3 Mobile/15E148 Safari/604.1"
::1 - - [13/Aug/2020:18:16:39 +0000] "PATCH /api/users/games/5f35835f85e48913ef8d694d/retrieve HTTP/1.1" 200 360 "http://localhost:3000/" "Mozilla/5.0 (iPhone; CPU iPhone OS 13_2_3 like Mac OS X) AppleWebKit/605.1.15 (KHTML, like Gecko) Version/13.0.3 Mobile/15E148 Safari/604.1"
::1 - - [13/Aug/2020:18:16:39 +0000] "PATCH /api/users/games/5f35835f85e48913ef8d694d/retrieve HTTP/1.1" 200 360 "http://localhost:3000/" "Mozilla/5.0 (iPhone; CPU iPhone OS 13_2_3 like Mac OS X) AppleWebKit/605.1.15 (KHTML, like Gecko) Version/13.0.3 Mobile/15E148 Safari/604.1"
::1 - - [13/Aug/2020:18:16:40 +0000] "PATCH /api/users/games/5f35835f85e48913ef8d694d/retrieve HTTP/1.1" 200 360 "http://localhost:3000/" "Mozilla/5.0 (iPhone; CPU iPhone OS 13_2_3 like Mac OS X) AppleWebKit/605.1.15 (KHTML, like Gecko) Version/13.0.3 Mobile/15E148 Safari/604.1"
::1 - - [13/Aug/2020:18:16:40 +0000] "PATCH /api/users/games/5f35835f85e48913ef8d694d/retrieve HTTP/1.1" 200 360 "http://localhost:3000/" "Mozilla/5.0 (iPhone; CPU iPhone OS 13_2_3 like Mac OS X) AppleWebKit/605.1.15 (KHTML, like Gecko) Version/13.0.3 Mobile/15E148 Safari/604.1"
::1 - - [13/Aug/2020:18:16:41 +0000] "PATCH /api/users/games/5f35835f85e48913ef8d694d/playcombination HTTP/1.1" 200 387 "http://localhost:3000/" "Mozilla/5.0 (iPhone; CPU iPhone OS 13_2_3 like Mac OS X) AppleWebKit/605.1.15 (KHTML, like Gecko) Version/13.0.3 Mobile/15E148 Safari/604.1"
::1 - - [13/Aug/2020:18:16:41 +0000] "PATCH /api/users/games/5f35835f85e48913ef8d694d/retrieve HTTP/1.1" 200 387 "http://localhost:3000/" "Mozilla/5.0 (iPhone; CPU iPhone OS 13_2_3 like Mac OS X) AppleWebKit/605.1.15 (KHTML, like Gecko) Version/13.0.3 Mobile/15E148 Safari/604.1"
::1 - - [13/Aug/2020:18:16:41 +0000] "PATCH /api/users/games/5f35835f85e48913ef8d694d/retrieve HTTP/1.1" 200 387 "http://localhost:3000/" "Mozilla/5.0 (iPhone; CPU iPhone OS 13_2_3 like Mac OS X) AppleWebKit/605.1.15 (KHTML, like Gecko) Version/13.0.3 Mobile/15E148 Safari/604.1"
